TN:
SF:/home/mist/Documents/SmartContract/hh-nft-market-place/contracts/NftMarketPlace.sol
FN:35,notListed
FN:41,isListed
FN:47,isOwner
FN:61,listItem
FN:74,buyItem
FN:87,cancelListing
FN:92,updateListing
FN:97,withDrawProceeds
FN:110,getListing
FN:114,getProceedsOfSeller
FNF:10
FNH:10
FNDA:18,notListed
FNDA:11,isListed
FNDA:24,isOwner
FNDA:16,listItem
FNDA:5,buyItem
FNDA:2,cancelListing
FNDA:1,updateListing
FNDA:2,withDrawProceeds
FNDA:4,getListing
FNDA:2,getProceedsOfSeller
DA:36,18
DA:37,18
DA:38,17
DA:42,11
DA:43,11
DA:44,9
DA:48,24
DA:49,24
DA:50,22
DA:51,19
DA:63,16
DA:67,15
DA:68,15
DA:70,14
DA:71,14
DA:75,5
DA:76,5
DA:79,4
DA:80,4
DA:83,4
DA:84,4
DA:88,2
DA:89,2
DA:93,1
DA:94,1
DA:98,2
DA:99,2
DA:102,1
DA:104,1
DA:105,1
DA:106,0
DA:111,4
DA:115,2
LF:33
LH:32
BRDA:37,1,0,1
BRDA:37,1,1,17
BRDA:43,2,0,2
BRDA:43,2,1,9
BRDA:50,3,0,3
BRDA:50,3,1,19
BRDA:61,4,0,17
BRDA:61,4,1,1
BRDA:61,5,0,16
BRDA:61,5,1,1
BRDA:63,6,0,1
BRDA:63,6,1,15
BRDA:68,7,0,1
BRDA:68,7,1,14
BRDA:74,8,0,6
BRDA:74,8,1,0
BRDA:74,9,0,5
BRDA:74,9,1,1
BRDA:76,10,0,1
BRDA:76,10,1,4
BRDA:87,11,0,2
BRDA:87,11,1,3
BRDA:87,12,0,2
BRDA:87,12,1,0
BRDA:92,13,0,2
BRDA:92,13,1,1
BRDA:92,14,0,1
BRDA:92,14,1,1
BRDA:99,15,0,1
BRDA:99,15,1,1
BRDA:105,16,0,0
BRDA:105,16,1,1
BRF:32
BRH:29
end_of_record
TN:
SF:/home/mist/Documents/SmartContract/hh-nft-market-place/contracts/test/BasicNFT.sol
FN:11,constructor
FN:16,mintNft
FN:22,tokenURI
FN:26,getTokenCounter
FNF:4
FNH:2
FNDA:3,constructor
FNDA:22,mintNft
FNDA:0,tokenURI
FNDA:0,getTokenCounter
DA:12,3
DA:17,22
DA:18,22
DA:19,22
DA:23,0
DA:27,0
LF:6
LH:4
BRF:0
BRH:0
end_of_record
