{"contracts/Raffle.sol":{"l":{"50":3,"51":3,"52":3,"53":3,"54":3,"55":3,"56":3,"57":3,"61":5,"62":4,"63":3,"64":3,"76":1,"77":1,"78":1,"79":1,"80":1,"85":1,"86":1,"87":0,"90":1,"92":1,"95":1,"101":0,"102":0,"103":0,"104":0,"105":0,"106":0,"108":0,"109":0,"110":0,"112":0,"116":5,"120":1,"124":0,"128":1,"132":0,"136":0,"140":0,"144":0,"148":5},"path":"/home/mist/Documents/SmartContract/HH-smartcontract-lottery/contracts/Raffle.sol","s":{"1":5,"2":4,"3":3,"4":3,"5":1,"6":1,"7":1,"8":1,"9":1,"10":1,"11":1,"12":1,"13":0,"14":0,"15":0,"16":0,"17":0,"18":5,"19":1,"20":0,"21":1,"22":0,"23":0,"24":0,"25":0,"26":5},"b":{"1":[1,4],"2":[1,3],"3":[0,1],"4":[0,0]},"f":{"1":3,"2":5,"3":1,"4":1,"5":0,"6":5,"7":1,"8":0,"9":1,"10":0,"11":0,"12":0,"13":0,"14":5},"fnMap":{"1":{"name":"constructor","line":49,"loc":{"start":{"line":49,"column":4},"end":{"line":58,"column":4}}},"2":{"name":"enterRaffle","line":60,"loc":{"start":{"line":60,"column":4},"end":{"line":65,"column":4}}},"3":{"name":"checkUpkeep","line":75,"loc":{"start":{"line":75,"column":4},"end":{"line":81,"column":4}}},"4":{"name":"performUpkeep","line":83,"loc":{"start":{"line":83,"column":4},"end":{"line":96,"column":4}}},"5":{"name":"fulfillRandomWords","line":100,"loc":{"start":{"line":100,"column":4},"end":{"line":113,"column":4}}},"6":{"name":"getEntranceFee","line":115,"loc":{"start":{"line":115,"column":4},"end":{"line":117,"column":4}}},"7":{"name":"getPlayers","line":119,"loc":{"start":{"line":119,"column":4},"end":{"line":121,"column":4}}},"8":{"name":"getRecentWinner","line":123,"loc":{"start":{"line":123,"column":4},"end":{"line":125,"column":4}}},"9":{"name":"getRaffleState","line":127,"loc":{"start":{"line":127,"column":4},"end":{"line":129,"column":4}}},"10":{"name":"getNumWords","line":131,"loc":{"start":{"line":131,"column":4},"end":{"line":133,"column":4}}},"11":{"name":"getNumberOfPlayers","line":135,"loc":{"start":{"line":135,"column":4},"end":{"line":137,"column":4}}},"12":{"name":"getLastTimeStamp","line":139,"loc":{"start":{"line":139,"column":4},"end":{"line":141,"column":4}}},"13":{"name":"getRequestConfirmations","line":143,"loc":{"start":{"line":143,"column":4},"end":{"line":145,"column":4}}},"14":{"name":"getInterval","line":147,"loc":{"start":{"line":147,"column":4},"end":{"line":149,"column":4}}}},"statementMap":{"1":{"start":{"line":61,"column":8},"end":{"line":61,"column":78}},"2":{"start":{"line":62,"column":8},"end":{"line":62,"column":88}},"3":{"start":{"line":63,"column":8},"end":{"line":63,"column":42}},"4":{"start":{"line":64,"column":8},"end":{"line":64,"column":36}},"5":{"start":{"line":76,"column":8},"end":{"line":76,"column":57}},"6":{"start":{"line":77,"column":8},"end":{"line":77,"column":76}},"7":{"start":{"line":78,"column":8},"end":{"line":78,"column":46}},"8":{"start":{"line":79,"column":8},"end":{"line":79,"column":51}},"9":{"start":{"line":85,"column":8},"end":{"line":85,"column":47}},"10":{"start":{"line":86,"column":8},"end":{"line":86,"column":3783}},"11":{"start":{"line":92,"column":8},"end":{"line":92,"column":4130}},"12":{"start":{"line":95,"column":8},"end":{"line":95,"column":45}},"13":{"start":{"line":101,"column":8},"end":{"line":101,"column":65}},"14":{"start":{"line":102,"column":8},"end":{"line":102,"column":63}},"15":{"start":{"line":108,"column":8},"end":{"line":108,"column":78}},"16":{"start":{"line":109,"column":8},"end":{"line":109,"column":5159}},"17":{"start":{"line":112,"column":8},"end":{"line":112,"column":39}},"18":{"start":{"line":116,"column":8},"end":{"line":116,"column":28}},"19":{"start":{"line":120,"column":8},"end":{"line":120,"column":31}},"20":{"start":{"line":124,"column":8},"end":{"line":124,"column":29}},"21":{"start":{"line":128,"column":8},"end":{"line":128,"column":28}},"22":{"start":{"line":132,"column":8},"end":{"line":132,"column":24}},"23":{"start":{"line":136,"column":8},"end":{"line":136,"column":31}},"24":{"start":{"line":140,"column":8},"end":{"line":140,"column":30}},"25":{"start":{"line":144,"column":8},"end":{"line":144,"column":36}},"26":{"start":{"line":148,"column":8},"end":{"line":148,"column":25}}},"branchMap":{"1":{"line":61,"type":"if","locations":[{"start":{"line":61,"column":8},"end":{"line":61,"column":8}},{"start":{"line":61,"column":8},"end":{"line":61,"column":8}}]},"2":{"line":62,"type":"if","locations":[{"start":{"line":62,"column":8},"end":{"line":62,"column":8}},{"start":{"line":62,"column":8},"end":{"line":62,"column":8}}]},"3":{"line":86,"type":"if","locations":[{"start":{"line":86,"column":8},"end":{"line":86,"column":8}},{"start":{"line":86,"column":8},"end":{"line":86,"column":8}}]},"4":{"line":109,"type":"if","locations":[{"start":{"line":109,"column":8},"end":{"line":109,"column":8}},{"start":{"line":109,"column":8},"end":{"line":109,"column":8}}]}}},"contracts/test/VRFCoordinatorV2Mock.sol":{"l":{},"path":"/home/mist/Documents/SmartContract/HH-smartcontract-lottery/contracts/test/VRFCoordinatorV2Mock.sol","s":{},"b":{},"f":{},"fnMap":{},"statementMap":{},"branchMap":{}}}