{"contracts/NftMarketPlace.sol":{"l":{"36":18,"37":18,"38":17,"42":11,"43":11,"44":9,"48":24,"49":24,"50":22,"51":19,"63":16,"67":15,"68":15,"70":14,"71":14,"75":5,"76":5,"79":4,"80":4,"83":4,"84":4,"88":2,"89":2,"93":1,"94":1,"98":2,"99":2,"102":1,"104":1,"105":1,"106":0,"111":4,"115":2},"path":"/home/mist/Documents/SmartContract/hh-nft-market-place/contracts/NftMarketPlace.sol","s":{"1":18,"2":18,"3":11,"4":11,"5":24,"6":24,"7":22,"8":16,"9":15,"10":15,"11":14,"12":5,"13":5,"14":4,"15":4,"16":2,"17":1,"18":2,"19":2,"20":1,"21":1,"22":4,"23":2},"b":{"1":[1,17],"2":[2,9],"3":[3,19],"4":[17,1],"5":[16,1],"6":[1,15],"7":[1,14],"8":[6,0],"9":[5,1],"10":[1,4],"11":[2,3],"12":[2,0],"13":[2,1],"14":[1,1],"15":[1,1],"16":[0,1]},"f":{"1":18,"2":11,"3":24,"4":16,"5":5,"6":2,"7":1,"8":2,"9":4,"10":2},"fnMap":{"1":{"name":"notListed","line":35,"loc":{"start":{"line":35,"column":4},"end":{"line":39,"column":4}}},"2":{"name":"isListed","line":41,"loc":{"start":{"line":41,"column":4},"end":{"line":45,"column":4}}},"3":{"name":"isOwner","line":47,"loc":{"start":{"line":47,"column":4},"end":{"line":52,"column":4}}},"4":{"name":"listItem","line":61,"loc":{"start":{"line":61,"column":4},"end":{"line":72,"column":4}}},"5":{"name":"buyItem","line":74,"loc":{"start":{"line":74,"column":4},"end":{"line":85,"column":4}}},"6":{"name":"cancelListing","line":87,"loc":{"start":{"line":87,"column":4},"end":{"line":90,"column":4}}},"7":{"name":"updateListing","line":92,"loc":{"start":{"line":92,"column":4},"end":{"line":95,"column":4}}},"8":{"name":"withDrawProceeds","line":97,"loc":{"start":{"line":97,"column":4},"end":{"line":108,"column":4}}},"9":{"name":"getListing","line":110,"loc":{"start":{"line":110,"column":4},"end":{"line":112,"column":4}}},"10":{"name":"getProceedsOfSeller","line":114,"loc":{"start":{"line":114,"column":4},"end":{"line":116,"column":4}}}},"statementMap":{"1":{"start":{"line":36,"column":8},"end":{"line":36,"column":64}},"2":{"start":{"line":37,"column":8},"end":{"line":37,"column":94}},"3":{"start":{"line":42,"column":8},"end":{"line":42,"column":64}},"4":{"start":{"line":43,"column":8},"end":{"line":43,"column":91}},"5":{"start":{"line":48,"column":8},"end":{"line":48,"column":41}},"6":{"start":{"line":49,"column":8},"end":{"line":49,"column":44}},"7":{"start":{"line":50,"column":8},"end":{"line":50,"column":69}},"8":{"start":{"line":63,"column":8},"end":{"line":63,"column":72}},"9":{"start":{"line":67,"column":8},"end":{"line":67,"column":41}},"10":{"start":{"line":68,"column":8},"end":{"line":68,"column":106}},"11":{"start":{"line":71,"column":8},"end":{"line":71,"column":63}},"12":{"start":{"line":75,"column":8},"end":{"line":75,"column":67}},"13":{"start":{"line":76,"column":8},"end":{"line":76,"column":128}},"14":{"start":{"line":83,"column":8},"end":{"line":83,"column":83}},"15":{"start":{"line":84,"column":8},"end":{"line":84,"column":74}},"16":{"start":{"line":89,"column":8},"end":{"line":89,"column":58}},"17":{"start":{"line":94,"column":8},"end":{"line":94,"column":66}},"18":{"start":{"line":98,"column":8},"end":{"line":98,"column":55}},"19":{"start":{"line":99,"column":8},"end":{"line":99,"column":75}},"20":{"start":{"line":104,"column":8},"end":{"line":104,"column":72}},"21":{"start":{"line":105,"column":8},"end":{"line":105,"column":5222}},"22":{"start":{"line":111,"column":8},"end":{"line":111,"column":46}},"23":{"start":{"line":115,"column":8},"end":{"line":115,"column":39}}},"branchMap":{"1":{"line":37,"type":"if","locations":[{"start":{"line":37,"column":8},"end":{"line":37,"column":8}},{"start":{"line":37,"column":8},"end":{"line":37,"column":8}}]},"2":{"line":43,"type":"if","locations":[{"start":{"line":43,"column":8},"end":{"line":43,"column":8}},{"start":{"line":43,"column":8},"end":{"line":43,"column":8}}]},"3":{"line":50,"type":"if","locations":[{"start":{"line":50,"column":8},"end":{"line":50,"column":8}},{"start":{"line":50,"column":8},"end":{"line":50,"column":8}}]},"4":{"line":61,"type":"if","locations":[{"start":{"line":61,"column":83},"end":{"line":61,"column":83}},{"start":{"line":61,"column":83},"end":{"line":61,"column":83}}]},"5":{"line":61,"type":"if","locations":[{"start":{"line":61,"column":126},"end":{"line":61,"column":126}},{"start":{"line":61,"column":126},"end":{"line":61,"column":126}}]},"6":{"line":63,"type":"if","locations":[{"start":{"line":63,"column":8},"end":{"line":63,"column":8}},{"start":{"line":63,"column":8},"end":{"line":63,"column":8}}]},"7":{"line":68,"type":"if","locations":[{"start":{"line":68,"column":8},"end":{"line":68,"column":8}},{"start":{"line":68,"column":8},"end":{"line":68,"column":8}}]},"8":{"line":74,"type":"if","locations":[{"start":{"line":74,"column":75},"end":{"line":74,"column":75}},{"start":{"line":74,"column":75},"end":{"line":74,"column":75}}]},"9":{"line":74,"type":"if","locations":[{"start":{"line":74,"column":88},"end":{"line":74,"column":88}},{"start":{"line":74,"column":88},"end":{"line":74,"column":88}}]},"10":{"line":76,"type":"if","locations":[{"start":{"line":76,"column":8},"end":{"line":76,"column":8}},{"start":{"line":76,"column":8},"end":{"line":76,"column":8}}]},"11":{"line":87,"type":"if","locations":[{"start":{"line":87,"column":73},"end":{"line":87,"column":73}},{"start":{"line":87,"column":73},"end":{"line":87,"column":73}}]},"12":{"line":87,"type":"if","locations":[{"start":{"line":87,"column":114},"end":{"line":87,"column":114}},{"start":{"line":87,"column":114},"end":{"line":87,"column":114}}]},"13":{"line":92,"type":"if","locations":[{"start":{"line":92,"column":91},"end":{"line":92,"column":91}},{"start":{"line":92,"column":91},"end":{"line":92,"column":91}}]},"14":{"line":92,"type":"if","locations":[{"start":{"line":92,"column":121},"end":{"line":92,"column":121}},{"start":{"line":92,"column":121},"end":{"line":92,"column":121}}]},"15":{"line":99,"type":"if","locations":[{"start":{"line":99,"column":8},"end":{"line":99,"column":8}},{"start":{"line":99,"column":8},"end":{"line":99,"column":8}}]},"16":{"line":105,"type":"if","locations":[{"start":{"line":105,"column":8},"end":{"line":105,"column":8}},{"start":{"line":105,"column":8},"end":{"line":105,"column":8}}]}}},"contracts/test/BasicNFT.sol":{"l":{"12":3,"17":22,"18":22,"19":22,"23":0,"27":0},"path":"/home/mist/Documents/SmartContract/hh-nft-market-place/contracts/test/BasicNFT.sol","s":{"1":22,"2":22,"3":0,"4":0},"b":{},"f":{"1":3,"2":22,"3":0,"4":0},"fnMap":{"1":{"name":"constructor","line":11,"loc":{"start":{"line":11,"column":4},"end":{"line":13,"column":4}}},"2":{"name":"mintNft","line":16,"loc":{"start":{"line":16,"column":4},"end":{"line":20,"column":4}}},"3":{"name":"tokenURI","line":22,"loc":{"start":{"line":22,"column":4},"end":{"line":24,"column":4}}},"4":{"name":"getTokenCounter","line":26,"loc":{"start":{"line":26,"column":4},"end":{"line":28,"column":4}}}},"statementMap":{"1":{"start":{"line":17,"column":8},"end":{"line":17,"column":44}},"2":{"start":{"line":19,"column":8},"end":{"line":19,"column":29}},"3":{"start":{"line":23,"column":8},"end":{"line":23,"column":24}},"4":{"start":{"line":27,"column":8},"end":{"line":27,"column":29}}},"branchMap":{}}}