TN:
SF:/home/mist/Documents/SmartContract/HH-smartcontract-lottery/contracts/Raffle.sol
FN:49,constructor
FN:60,enterRaffle
FN:75,checkUpkeep
FN:83,performUpkeep
FN:100,fulfillRandomWords
FN:115,getEntranceFee
FN:119,getPlayers
FN:123,getRecentWinner
FN:127,getRaffleState
FN:131,getNumWords
FN:135,getNumberOfPlayers
FN:139,getLastTimeStamp
FN:143,getRequestConfirmations
FN:147,getInterval
FNF:14
FNH:8
FNDA:3,constructor
FNDA:5,enterRaffle
FNDA:1,checkUpkeep
FNDA:1,performUpkeep
FNDA:0,fulfillRandomWords
FNDA:5,getEntranceFee
FNDA:1,getPlayers
FNDA:0,getRecentWinner
FNDA:1,getRaffleState
FNDA:0,getNumWords
FNDA:0,getNumberOfPlayers
FNDA:0,getLastTimeStamp
FNDA:0,getRequestConfirmations
FNDA:5,getInterval
DA:50,3
DA:51,3
DA:52,3
DA:53,3
DA:54,3
DA:55,3
DA:56,3
DA:57,3
DA:61,5
DA:62,4
DA:63,3
DA:64,3
DA:76,1
DA:77,1
DA:78,1
DA:79,1
DA:80,1
DA:85,1
DA:86,1
DA:87,0
DA:90,1
DA:92,1
DA:95,1
DA:101,0
DA:102,0
DA:103,0
DA:104,0
DA:105,0
DA:106,0
DA:108,0
DA:109,0
DA:110,0
DA:112,0
DA:116,5
DA:120,1
DA:124,0
DA:128,1
DA:132,0
DA:136,0
DA:140,0
DA:144,0
DA:148,5
LF:42
LH:26
BRDA:61,1,0,1
BRDA:61,1,1,4
BRDA:62,2,0,1
BRDA:62,2,1,3
BRDA:86,3,0,0
BRDA:86,3,1,1
BRDA:109,4,0,0
BRDA:109,4,1,0
BRF:8
BRH:5
end_of_record
TN:
SF:/home/mist/Documents/SmartContract/HH-smartcontract-lottery/contracts/test/VRFCoordinatorV2Mock.sol
FNF:0
FNH:0
LF:0
LH:0
BRF:0
BRH:0
end_of_record
